<?xml version="1.0" encoding="UTF-8"?>
<testng-results skipped="0" failed="0" total="1" passed="1">
  <reporter-output>
  </reporter-output>
  <suite name="Surefire suite" duration-ms="9707" started-at="2020-07-07T15:12:44Z" finished-at="2020-07-07T15:12:54Z">
    <groups>
      <group name="cucumber">
        <method signature="AbstractTestNGCucumberTests.runScenario(io.cucumber.testng.PickleEventWrapper, io.cucumber.testng.CucumberFeatureWrapper)[pri:0, instance:cucumber.Options.TestRunner@100fc185]" name="runScenario" class="io.cucumber.testng.AbstractTestNGCucumberTests"/>
      </group> <!-- cucumber -->
    </groups>
    <test name="Surefire test" duration-ms="9707" started-at="2020-07-07T15:12:44Z" finished-at="2020-07-07T15:12:54Z">
      <class name="cucumber.Options.TestRunner">
        <test-method status="PASS" signature="setUpClass()[pri:0, instance:cucumber.Options.TestRunner@100fc185]" name="setUpClass" is-config="true" duration-ms="511" started-at="2020-07-07T20:42:44Z" finished-at="2020-07-07T20:42:44Z">
          <reporter-output>
          </reporter-output>
        </test-method> <!-- setUpClass -->
        <test-method status="PASS" signature="runScenario(io.cucumber.testng.PickleEventWrapper, io.cucumber.testng.CucumberFeatureWrapper)[pri:0, instance:cucumber.Options.TestRunner@100fc185]" name="runScenario" duration-ms="8753" started-at="2020-07-07T20:42:45Z" description="Runs Cucumber Scenarios" data-provider="scenarios" finished-at="2020-07-07T20:42:53Z">
          <params>
            <param index="0">
              <value>
                <![CDATA["Verify that place is added successfully using add place api"]]>
              </value>
            </param>
            <param index="1">
              <value>
                <![CDATA["Place Validation"]]>
              </value>
            </param>
          </params>
          <reporter-output>
          </reporter-output>
        </test-method> <!-- runScenario -->
        <test-method status="PASS" signature="tearDownClass()[pri:0, instance:cucumber.Options.TestRunner@100fc185]" name="tearDownClass" is-config="true" duration-ms="297" started-at="2020-07-07T20:42:53Z" finished-at="2020-07-07T20:42:54Z">
          <reporter-output>
          </reporter-output>
        </test-method> <!-- tearDownClass -->
        <test-method status="PASS" signature="teardown()[pri:0, instance:cucumber.Options.TestRunner@100fc185]" name="teardown" is-config="true" duration-ms="14070" started-at="2020-07-07T20:42:54Z" finished-at="2020-07-07T20:43:08Z">
          <reporter-output>
          </reporter-output>
        </test-method> <!-- teardown -->
      </class> <!-- cucumber.Options.TestRunner -->
    </test> <!-- Surefire test -->
  </suite> <!-- Surefire suite -->
</testng-results>
